Compiling the CXX compiler identification source file "CMakeCXXCompilerId.cpp" failed.
Compiler: CMAKE_CXX_COMPILER-NOTFOUND 
Build flags: 
Id flags: 

The output was:
No such file or directory


Compiling the CXX compiler identification source file "CMakeCXXCompilerId.cpp" failed.
Compiler: CMAKE_CXX_COMPILER-NOTFOUND 
Build flags: 
Id flags: -c

The output was:
No such file or directory


Determining if the pthread_create exist failed with the following output:
Change Dir: /home/pdmazzon/gaem/CMakeFiles/CMakeTmp

Run Build Command:"/usr/bin/make" "cmTC_23dc7/fast"
/usr/bin/make -f CMakeFiles/cmTC_23dc7.dir/build.make CMakeFiles/cmTC_23dc7.dir/build
make[1]: Entering directory '/home/pdmazzon/gaem/CMakeFiles/CMakeTmp'
Building C object CMakeFiles/cmTC_23dc7.dir/CheckSymbolExists.c.o
/usr/bin/cc     -o CMakeFiles/cmTC_23dc7.dir/CheckSymbolExists.c.o   -c /home/pdmazzon/gaem/CMakeFiles/CMakeTmp/CheckSymbolExists.c
Linking C executable cmTC_23dc7
/usr/bin/cmake -E cmake_link_script CMakeFiles/cmTC_23dc7.dir/link.txt --verbose=1
/usr/bin/cc       CMakeFiles/cmTC_23dc7.dir/CheckSymbolExists.c.o  -o cmTC_23dc7 -rdynamic 
CMakeFiles/cmTC_23dc7.dir/CheckSymbolExists.c.o: In function `main':
CheckSymbolExists.c:(.text+0x1b): undefined reference to `pthread_create'
collect2: error: ld returned 1 exit status
CMakeFiles/cmTC_23dc7.dir/build.make:97: recipe for target 'cmTC_23dc7' failed
make[1]: *** [cmTC_23dc7] Error 1
make[1]: Leaving directory '/home/pdmazzon/gaem/CMakeFiles/CMakeTmp'
Makefile:126: recipe for target 'cmTC_23dc7/fast' failed
make: *** [cmTC_23dc7/fast] Error 2

File /home/pdmazzon/gaem/CMakeFiles/CMakeTmp/CheckSymbolExists.c:
/* */
#include <pthread.h>

int main(int argc, char** argv)
{
  (void)argv;
#ifndef pthread_create
  return ((int*)(&pthread_create))[argc];
#else
  (void)argc;
  return 0;
#endif
}

Determining if the function pthread_create exists in the pthreads failed with the following output:
Change Dir: /home/pdmazzon/gaem/CMakeFiles/CMakeTmp

Run Build Command:"/usr/bin/make" "cmTC_1cd41/fast"
/usr/bin/make -f CMakeFiles/cmTC_1cd41.dir/build.make CMakeFiles/cmTC_1cd41.dir/build
make[1]: Entering directory '/home/pdmazzon/gaem/CMakeFiles/CMakeTmp'
Building C object CMakeFiles/cmTC_1cd41.dir/CheckFunctionExists.c.o
/usr/bin/cc    -DCHECK_FUNCTION_EXISTS=pthread_create   -o CMakeFiles/cmTC_1cd41.dir/CheckFunctionExists.c.o   -c /usr/share/cmake-3.7/Modules/CheckFunctionExists.c
Linking C executable cmTC_1cd41
/usr/bin/cmake -E cmake_link_script CMakeFiles/cmTC_1cd41.dir/link.txt --verbose=1
/usr/bin/cc   -DCHECK_FUNCTION_EXISTS=pthread_create    CMakeFiles/cmTC_1cd41.dir/CheckFunctionExists.c.o  -o cmTC_1cd41 -rdynamic -lpthreads 
/usr/bin/ld: cannot find -lpthreads
collect2: error: ld returned 1 exit status
CMakeFiles/cmTC_1cd41.dir/build.make:97: recipe for target 'cmTC_1cd41' failed
make[1]: *** [cmTC_1cd41] Error 1
make[1]: Leaving directory '/home/pdmazzon/gaem/CMakeFiles/CMakeTmp'
Makefile:126: recipe for target 'cmTC_1cd41/fast' failed
make: *** [cmTC_1cd41/fast] Error 2


